[debug] [2024-11-17T16:10:59.645Z] ----------------------------------------------------------------------
[debug] [2024-11-17T16:10:59.646Z] Command:       /Users/gio/.nvm/versions/node/v18.20.5/bin/node /usr/local/bin/firebase hosting:disable
[debug] [2024-11-17T16:10:59.646Z] CLI Version:   11.14.1
[debug] [2024-11-17T16:10:59.646Z] Platform:      darwin
[debug] [2024-11-17T16:10:59.646Z] Node Version:  v18.20.5
[debug] [2024-11-17T16:10:59.650Z] Time:          Sun Nov 17 2024 17:10:59 GMT+0100 (Ora standard dell’Europa centrale)
[debug] [2024-11-17T16:10:59.650Z] ----------------------------------------------------------------------
[debug] 
[debug] [2024-11-17T16:10:59.651Z] >>> [apiv2][query] GET https://firebase-public.firebaseio.com/cli.json [none]
[debug] [2024-11-17T16:10:59.674Z] >>> [apiv2][query] GET https://firebase.googleapis.com/v1beta1/projects/undefined [none]
[debug] [2024-11-17T16:10:59.981Z] <<< [apiv2][status] GET https://firebase-public.firebaseio.com/cli.json 200
[debug] [2024-11-17T16:10:59.982Z] <<< [apiv2][body] GET https://firebase-public.firebaseio.com/cli.json {"cloudBuildErrorAfter":1594252800000,"cloudBuildWarnAfter":1590019200000,"defaultNode10After":1594252800000,"minVersion":"3.0.5","node8DeploysDisabledAfter":1613390400000,"node8RuntimeDisabledAfter":1615809600000,"node8WarnAfter":1600128000000}
[debug] [2024-11-17T16:11:00.022Z] <<< [apiv2][status] GET https://firebase.googleapis.com/v1beta1/projects/undefined 403
[debug] [2024-11-17T16:11:00.022Z] <<< [apiv2][body] GET https://firebase.googleapis.com/v1beta1/projects/undefined {"error":{"code":403,"message":"The caller does not have permission","status":"PERMISSION_DENIED"}}
[debug] [2024-11-17T16:11:00.023Z] HTTP Error: 403, The caller does not have permission
[debug] [2024-11-17T16:11:00.105Z] FirebaseError: HTTP Error: 403, The caller does not have permission
    at responseToError (/usr/local/lib/node_modules/firebase-tools/lib/responseToError.js:49:12)
    at RetryOperation._fn (/usr/local/lib/node_modules/firebase-tools/lib/apiv2.js:288:77)
    at process.processTicksAndRejections (node:internal/process/task_queues:95:5)
[error] 
[error] Error: Failed to get Firebase project undefined. Please make sure the project exists and your account has permission to access it.
